<?xml version="1.0" encoding="UTF-8"?>
<testsuite name="hello.hellospring.service.MemberServiceTest" tests="1" skipped="0" failures="0" errors="0" timestamp="2023-08-04T01:48:16" hostname="JJANGDDO" time="0.048">
  <properties/>
  <testcase name="duplicatedJoin()" classname="hello.hellospring.service.MemberServiceTest" time="0.048"/>
  <system-out><![CDATA[]]></system-out>
  <system-err><![CDATA[]]></system-err>
</testsuite>
